Building DAG of jobs...
Using shell: /usr/local/bin/bash
Provided cores: 1
Rules claiming more threads will be scaled down.
Job counts:
	count	jobs
	1	all
	1	depth_of_cov
	2

rule depth_of_cov:
    input: /lustre/scratch118/malaria/team112/personal/tn6/pf_swga_cnv_wgs/input/ppq_resistance/PH1008-C.bam
    output: /lustre/scratch118/malaria/team112/personal/tn6/pf_swga_cnv_wgs/output/depth_of_cov/PH1008-C.unknown.unknown.sample_interval_statistics
    jobid: 1
    wildcards: sample=PH1008-C, lane=unknown, library=unknown

    Error in rule depth_of_cov:
        jobid: 1
        output: /lustre/scratch118/malaria/team112/personal/tn6/pf_swga_cnv_wgs/output/depth_of_cov/PH1008-C.unknown.unknown.sample_interval_statistics

RuleException:
CalledProcessError in line 28 of /nfs/users/nfs_t/tn6/gitrepo/pf_swga_cnv/src/shell/ppq_cnv.snakefile:
Command ' set -euo pipefail;  
        set +u
        set -e
        set -x

        REFERENCE_FASTA=/lustre/scratch118/malaria/team112/personal/tn6/pf_swga_cnv/resource/3D7/3D7_V3.fasta

        echo SAMPLE=PH1008-C  LIBRARY=unknown LANE=unknown

        java -jar /software/vertres/bin-external/GenomeAnalysisTK-3.6/GenomeAnalysisTK.jar                  -T DepthOfCoverage                  -R $REFERENCE_FASTA                  -o /lustre/scratch118/malaria/team112/personal/tn6/pf_swga_cnv_wgs/output/depth_of_cov/PH1008-C.unknown.unknown                  -I /lustre/scratch118/malaria/team112/personal/tn6/pf_swga_cnv_wgs/input/ppq_resistance/PH1008-C.bam                  --countType COUNT_FRAGMENTS                  --includeRefNSites                  --minBaseQuality 0                  --minMappingQuality 20                  --start 1 --stop 7000 --nBins 6999
        set -u ' returned non-zero exit status 1
  File "/nfs/users/nfs_t/tn6/gitrepo/pf_swga_cnv/src/shell/ppq_cnv.snakefile", line 28, in __rule_depth_of_cov
  File "/nfs/team112/tn6/programs/miniconda3/envs/pf_swga_cnv_analysis_py35_linux/lib/python3.5/concurrent/futures/thread.py", line 55, in run
Shutting down, this might take some time.
Exiting because a job execution failed. Look above for error message
Complete log: /nfs/users/nfs_t/tn6/gitrepo/pf_swga_cnv/src/shell/.snakemake/log/2018-06-26T180217.346174.snakemake.log
