Building DAG of jobs...
Using shell: /usr/local/bin/bash
Provided cluster nodes: 1
Job counts:
	count	jobs
	1	all
	1	call_cnv
	1	filter_mean_rd
	1	filter_orig_rd
	1	find_sample_interval_summary_list
	1	mean_rd
	1	merge_sample_interval_summary_list
	1	norm_by_pc
	1	output_cnv_csv
	1	pca_on_filtered_mean_rd
	1	zscore
	11

rule mean_rd:
    input: /lustre/scratch118/malaria/team112/personal/tn6/pf_swga_cnv_wgs/output/xhmm/xhmm_test.locus_GC.txt
    output: /lustre/scratch118/malaria/team112/personal/tn6/pf_swga_cnv_wgs/output/xhmm/xhmm_test.centered.RD.txt, /lustre/scratch118/malaria/team112/personal/tn6/pf_swga_cnv_wgs/output/xhmm/xhmm_test.centered.RD.txt.filtered_targets.txt, /lustre/scratch118/malaria/team112/personal/tn6/pf_swga_cnv_wgs/output/xhmm/xhmm_test.centered.RD.txt.filtered_samples.txt
    jobid: 1

Submitted job 1 with external jobid 'Job <3027258> is submitted to queue <normal>.'.
    Error in rule mean_rd:
        jobid: 1
        output: /lustre/scratch118/malaria/team112/personal/tn6/pf_swga_cnv_wgs/output/xhmm/xhmm_test.centered.RD.txt, /lustre/scratch118/malaria/team112/personal/tn6/pf_swga_cnv_wgs/output/xhmm/xhmm_test.centered.RD.txt.filtered_targets.txt, /lustre/scratch118/malaria/team112/personal/tn6/pf_swga_cnv_wgs/output/xhmm/xhmm_test.centered.RD.txt.filtered_samples.txt

Shutting down, this might take some time.
Terminating processes on user request, this might take some time.
Will exit after finishing currently running jobs.
Complete log: /nfs/users/nfs_t/tn6/gitrepo/pf_swga_cnv/src/shell/.snakemake/log/2018-06-27T085002.211600.snakemake.log
