Building DAG of jobs...
Using shell: /usr/local/bin/bash
Provided cluster nodes: 14
Job counts:
	count	jobs
	1	all
	11	depth_of_cov
	12

rule depth_of_cov:
    input: /lustre/scratch118/malaria/team112/personal/tn6/pf_swga_cnv_wgs/input/ppq_resistance/PH1097-C.bam
    output: /lustre/scratch118/malaria/team112/personal/tn6/pf_swga_cnv_wgs/output/depth_of_cov/PH1097-C.unknown.unknown.win300.sample_interval_summary
    jobid: 1
    wildcards: sample=PH1097-C, lane=unknown, library=unknown

Submitted job 1 with external jobid 'Job <3024331> is submitted to queue <normal>.'.

rule depth_of_cov:
    input: /lustre/scratch118/malaria/team112/personal/tn6/pf_swga_cnv_wgs/input/ppq_resistance/PH1345-C.bam
    output: /lustre/scratch118/malaria/team112/personal/tn6/pf_swga_cnv_wgs/output/depth_of_cov/PH1345-C.unknown.unknown.win300.sample_interval_summary
    jobid: 2
    wildcards: sample=PH1345-C, lane=unknown, library=unknown

Submitted job 2 with external jobid 'Job <3024332> is submitted to queue <normal>.'.

rule depth_of_cov:
    input: /lustre/scratch118/malaria/team112/personal/tn6/pf_swga_cnv_wgs/input/ppq_resistance/PH1263-C.bam
    output: /lustre/scratch118/malaria/team112/personal/tn6/pf_swga_cnv_wgs/output/depth_of_cov/PH1263-C.unknown.unknown.win300.sample_interval_summary
    jobid: 3
    wildcards: sample=PH1263-C, lane=unknown, library=unknown

Submitted job 3 with external jobid 'Job <3024333> is submitted to queue <normal>.'.

rule depth_of_cov:
    input: /lustre/scratch118/malaria/team112/personal/tn6/pf_swga_cnv_wgs/input/ppq_resistance/PH1034-C.bam
    output: /lustre/scratch118/malaria/team112/personal/tn6/pf_swga_cnv_wgs/output/depth_of_cov/PH1034-C.unknown.unknown.win300.sample_interval_summary
    jobid: 5
    wildcards: sample=PH1034-C, lane=unknown, library=unknown

Submitted job 5 with external jobid 'Job <3024334> is submitted to queue <normal>.'.

rule depth_of_cov:
    input: /lustre/scratch118/malaria/team112/personal/tn6/pf_swga_cnv_wgs/input/ppq_resistance/PH0971-C.bam
    output: /lustre/scratch118/malaria/team112/personal/tn6/pf_swga_cnv_wgs/output/depth_of_cov/PH0971-C.unknown.unknown.win300.sample_interval_summary
    jobid: 11
    wildcards: sample=PH0971-C, lane=unknown, library=unknown

Submitted job 11 with external jobid 'Job <3024335> is submitted to queue <normal>.'.

rule depth_of_cov:
    input: /lustre/scratch118/malaria/team112/personal/tn6/pf_swga_cnv_wgs/input/ppq_resistance/PH1265-C.bam
    output: /lustre/scratch118/malaria/team112/personal/tn6/pf_swga_cnv_wgs/output/depth_of_cov/PH1265-C.unknown.unknown.win300.sample_interval_summary
    jobid: 6
    wildcards: sample=PH1265-C, lane=unknown, library=unknown

Submitted job 6 with external jobid 'Job <3024336> is submitted to queue <normal>.'.

rule depth_of_cov:
    input: /lustre/scratch118/malaria/team112/personal/tn6/pf_swga_cnv_wgs/input/ppq_resistance/PH1310-C.bam
    output: /lustre/scratch118/malaria/team112/personal/tn6/pf_swga_cnv_wgs/output/depth_of_cov/PH1310-C.unknown.unknown.win300.sample_interval_summary
    jobid: 7
    wildcards: sample=PH1310-C, lane=unknown, library=unknown

Submitted job 7 with external jobid 'Job <3024337> is submitted to queue <normal>.'.

rule depth_of_cov:
    input: /lustre/scratch118/malaria/team112/personal/tn6/pf_swga_cnv_wgs/input/ppq_resistance/PH1387-C.bam
    output: /lustre/scratch118/malaria/team112/personal/tn6/pf_swga_cnv_wgs/output/depth_of_cov/PH1387-C.unknown.unknown.win300.sample_interval_summary
    jobid: 8
    wildcards: sample=PH1387-C, lane=unknown, library=unknown

Submitted job 8 with external jobid 'Job <3024338> is submitted to queue <normal>.'.

rule depth_of_cov:
    input: /lustre/scratch118/malaria/team112/personal/tn6/pf_swga_cnv_wgs/input/ppq_resistance/PH1224-C.bam
    output: /lustre/scratch118/malaria/team112/personal/tn6/pf_swga_cnv_wgs/output/depth_of_cov/PH1224-C.unknown.unknown.win300.sample_interval_summary
    jobid: 9
    wildcards: sample=PH1224-C, lane=unknown, library=unknown

Submitted job 9 with external jobid 'Job <3024339> is submitted to queue <normal>.'.

rule depth_of_cov:
    input: /lustre/scratch118/malaria/team112/personal/tn6/pf_swga_cnv_wgs/input/ppq_resistance/PH1150-C.bam
    output: /lustre/scratch118/malaria/team112/personal/tn6/pf_swga_cnv_wgs/output/depth_of_cov/PH1150-C.unknown.unknown.win300.sample_interval_summary
    jobid: 10
    wildcards: sample=PH1150-C, lane=unknown, library=unknown

Submitted job 10 with external jobid 'Job <3024340> is submitted to queue <normal>.'.

rule depth_of_cov:
    input: /lustre/scratch118/malaria/team112/personal/tn6/pf_swga_cnv_wgs/input/ppq_resistance/PH1058-C.bam
    output: /lustre/scratch118/malaria/team112/personal/tn6/pf_swga_cnv_wgs/output/depth_of_cov/PH1058-C.unknown.unknown.win300.sample_interval_summary
    jobid: 12
    wildcards: sample=PH1058-C, lane=unknown, library=unknown

Submitted job 12 with external jobid 'Job <3024341> is submitted to queue <normal>.'.
Finished job 5.
1 of 12 steps (8%) done
Finished job 6.
2 of 12 steps (17%) done
Finished job 3.
3 of 12 steps (25%) done
Finished job 10.
4 of 12 steps (33%) done
Finished job 11.
5 of 12 steps (42%) done
Finished job 12.
6 of 12 steps (50%) done
Finished job 9.
7 of 12 steps (58%) done
Finished job 1.
8 of 12 steps (67%) done
Finished job 2.
9 of 12 steps (75%) done
Finished job 7.
10 of 12 steps (83%) done
Finished job 8.
11 of 12 steps (92%) done

localrule all:
    input: /lustre/scratch118/malaria/team112/personal/tn6/pf_swga_cnv_wgs/output/depth_of_cov/PH1008-C.unknown.unknown.win300.sample_interval_summary, /lustre/scratch118/malaria/team112/personal/tn6/pf_swga_cnv_wgs/output/depth_of_cov/PH1150-C.unknown.unknown.win300.sample_interval_summary, /lustre/scratch118/malaria/team112/personal/tn6/pf_swga_cnv_wgs/output/depth_of_cov/PH1034-C.unknown.unknown.win300.sample_interval_summary, /lustre/scratch118/malaria/team112/personal/tn6/pf_swga_cnv_wgs/output/depth_of_cov/PH1310-C.unknown.unknown.win300.sample_interval_summary, /lustre/scratch118/malaria/team112/personal/tn6/pf_swga_cnv_wgs/output/depth_of_cov/PH1058-C.unknown.unknown.win300.sample_interval_summary, /lustre/scratch118/malaria/team112/personal/tn6/pf_swga_cnv_wgs/output/depth_of_cov/PH0971-C.unknown.unknown.win300.sample_interval_summary, /lustre/scratch118/malaria/team112/personal/tn6/pf_swga_cnv_wgs/output/depth_of_cov/PH1097-C.unknown.unknown.win300.sample_interval_summary, /lustre/scratch118/malaria/team112/personal/tn6/pf_swga_cnv_wgs/output/depth_of_cov/PH1345-C.unknown.unknown.win300.sample_interval_summary, /lustre/scratch118/malaria/team112/personal/tn6/pf_swga_cnv_wgs/output/depth_of_cov/PH1224-C.unknown.unknown.win300.sample_interval_summary, /lustre/scratch118/malaria/team112/personal/tn6/pf_swga_cnv_wgs/output/depth_of_cov/PH1387-C.unknown.unknown.win300.sample_interval_summary, /lustre/scratch118/malaria/team112/personal/tn6/pf_swga_cnv_wgs/output/depth_of_cov/PH1265-C.unknown.unknown.win300.sample_interval_summary, /lustre/scratch118/malaria/team112/personal/tn6/pf_swga_cnv_wgs/output/depth_of_cov/PH1263-C.unknown.unknown.win300.sample_interval_summary
    jobid: 0

Finished job 0.
12 of 12 steps (100%) done
Complete log: /nfs/users/nfs_t/tn6/gitrepo/pf_swga_cnv/src/shell/.snakemake/log/2018-06-27T055429.587934.snakemake.log
