Building DAG of jobs...
Using shell: /usr/local/bin/bash
Provided cores: 1
Rules claiming more threads will be scaled down.
Job counts:
	count	jobs
	1	all
	1

localrule all:
    output: /lustre/scratch118/malaria/team112/personal/tn6/pf_swga_cnv_wgs/output/depth_of_cov/3909STDY6204221.15108303.18091_2#1, /lustre/scratch118/malaria/team112/personal/tn6/pf_swga_cnv_wgs/output/depth_of_cov/3061STDY5801235.10350983.13156_6#52, /lustre/scratch118/malaria/team112/personal/tn6/pf_swga_cnv_wgs/output/depth_of_cov/3909STDY6204224.15108339.18091_2#4, /lustre/scratch118/malaria/team112/personal/tn6/pf_swga_cnv_wgs/output/depth_of_cov/3909STDY6204219.15108279.18091_1#11, /lustre/scratch118/malaria/team112/personal/tn6/pf_swga_cnv_wgs/output/depth_of_cov/3909STDY6204231.15108328.18091_2#11, /lustre/scratch118/malaria/team112/personal/tn6/pf_swga_cnv_wgs/output/depth_of_cov/3909STDY6204217.15108255.18091_1#9, /lustre/scratch118/malaria/team112/personal/tn6/pf_swga_cnv_wgs/output/depth_of_cov/3909STDY6204252.15108295.18091_4#8, /lustre/scratch118/malaria/team112/personal/tn6/pf_swga_cnv_wgs/output/depth_of_cov/3909STDY6204216.15108338.18091_1#8, /lustre/scratch118/malaria/team112/personal/tn6/pf_swga_cnv_wgs/output/depth_of_cov/3909STDY6204215.15108326.18091_1#7, /lustre/scratch118/malaria/team112/personal/tn6/pf_swga_cnv_wgs/output/depth_of_cov/3909STDY6204220.15108291.18091_1#12, /lustre/scratch118/malaria/team112/personal/tn6/pf_swga_cnv_wgs/output/depth_of_cov/3909STDY6204210.15108266.18091_1#2, /lustre/scratch118/malaria/team112/personal/tn6/pf_swga_cnv_wgs/output/depth_of_cov/3909STDY6204226.15108268.18091_2#6, /lustre/scratch118/malaria/team112/personal/tn6/pf_swga_cnv_wgs/output/depth_of_cov/3061STDY5801270.10350999.13176_1#85, /lustre/scratch118/malaria/team112/personal/tn6/pf_swga_cnv_wgs/output/depth_of_cov/3909STDY6204218.15108267.18091_1#10, /lustre/scratch118/malaria/team112/personal/tn6/pf_swga_cnv_wgs/output/depth_of_cov/3909STDY6204250.15108271.18091_4#6, /lustre/scratch118/malaria/team112/personal/tn6/pf_swga_cnv_wgs/output/depth_of_cov/3061STDY5801197.10351014.13156_4#15, /lustre/scratch118/malaria/team112/personal/tn6/pf_swga_cnv_wgs/output/depth_of_cov/3061STDY5801286.10367319.13284_8#74, /lustre/scratch118/malaria/team112/personal/tn6/pf_swga_cnv_wgs/output/depth_of_cov/3061STDY5801218.10350981.13156_5#36, /lustre/scratch118/malaria/team112/personal/tn6/pf_swga_cnv_wgs/output/depth_of_cov/3061STDY5801252.10350997.13156_8#69, /lustre/scratch118/malaria/team112/personal/tn6/pf_swga_cnv_wgs/output/depth_of_cov/3061STDY5801200.10350955.13156_4#18, /lustre/scratch118/malaria/team112/personal/tn6/pf_swga_cnv_wgs/output/depth_of_cov/3909STDY6204222.15108315.18091_2#2, /lustre/scratch118/malaria/team112/personal/tn6/pf_swga_cnv_wgs/output/depth_of_cov/3061STDY5801203.10350991.13156_4#21, /lustre/scratch118/malaria/team112/personal/tn6/pf_swga_cnv_wgs/output/depth_of_cov/3909STDY6204230.15108316.18091_2#10, /lustre/scratch118/malaria/team112/personal/tn6/pf_swga_cnv_wgs/output/depth_of_cov/3061STDY5801219.10350993.13156_5#37, /lustre/scratch118/malaria/team112/personal/tn6/pf_swga_cnv_wgs/output/depth_of_cov/3061STDY5801215.10350945.13156_5#33, /lustre/scratch118/malaria/team112/personal/tn6/pf_swga_cnv_wgs/output/depth_of_cov/3909STDY6204214.15108314.18091_1#6, /lustre/scratch118/malaria/team112/personal/tn6/pf_swga_cnv_wgs/output/depth_of_cov/3061STDY5801259.10350974.13156_8#75, /lustre/scratch118/malaria/team112/personal/tn6/pf_swga_cnv_wgs/output/depth_of_cov/3061STDY5801254.10351021.13156_8#71, /lustre/scratch118/malaria/team112/personal/tn6/pf_swga_cnv_wgs/output/depth_of_cov/3061STDY5801214.10351028.13156_5#32, /lustre/scratch118/malaria/team112/personal/tn6/pf_swga_cnv_wgs/output/depth_of_cov/3909STDY6204248.15108342.18091_4#4, /lustre/scratch118/malaria/team112/personal/tn6/pf_swga_cnv_wgs/output/depth_of_cov/3061STDY5801233.10350959.13156_6#50, /lustre/scratch118/malaria/team112/personal/tn6/pf_swga_cnv_wgs/output/depth_of_cov/3061STDY5801276.10367390.13284_8#72, /lustre/scratch118/malaria/team112/personal/tn6/pf_swga_cnv_wgs/output/depth_of_cov/3061STDY5801201.10350967.13156_4#19, /lustre/scratch118/malaria/team112/personal/tn6/pf_swga_cnv_wgs/output/depth_of_cov/3909STDY6204209.15108254.18091_1#1, /lustre/scratch118/malaria/team112/personal/tn6/pf_swga_cnv_wgs/output/depth_of_cov/3061STDY5801226.10350982.13156_6#44, /lustre/scratch118/malaria/team112/personal/tn6/pf_swga_cnv_wgs/output/depth_of_cov/3909STDY6204234.15108269.18091_3#2, /lustre/scratch118/malaria/team112/personal/tn6/pf_swga_cnv_wgs/output/depth_of_cov/3061STDY5801190.10351025.13156_3#8, /lustre/scratch118/malaria/team112/personal/tn6/pf_swga_cnv_wgs/output/depth_of_cov/3061STDY5801294.10367331.13284_8#75, /lustre/scratch118/malaria/team112/personal/tn6/pf_swga_cnv_wgs/output/depth_of_cov/3061STDY5801251.10350985.13156_8#68, /lustre/scratch118/malaria/team112/personal/tn6/pf_swga_cnv_wgs/output/depth_of_cov/3061STDY5801186.10350989.13156_3#5, /lustre/scratch118/malaria/team112/personal/tn6/pf_swga_cnv_wgs/output/depth_of_cov/3909STDY6204211.15108278.18091_1#3, /lustre/scratch118/malaria/team112/personal/tn6/pf_swga_cnv_wgs/output/depth_of_cov/3909STDY6204239.15108329.18091_3#7, /lustre/scratch118/malaria/team112/personal/tn6/pf_swga_cnv_wgs/output/depth_of_cov/3909STDY6204249.15108259.18091_4#5, /lustre/scratch118/malaria/team112/personal/tn6/pf_swga_cnv_wgs/output/depth_of_cov/PH1008-C.unknown.unknown
    jobid: 0

Waiting at most 5 seconds for missing files.
MissingOutputException in line 19 of /nfs/users/nfs_t/tn6/gitrepo/pf_swga_cnv/src/shell/wgs_cnv.snakemake:
Missing files after 5 seconds:
/lustre/scratch118/malaria/team112/personal/tn6/pf_swga_cnv_wgs/output/depth_of_cov/3909STDY6204221.15108303.18091_2#1
/lustre/scratch118/malaria/team112/personal/tn6/pf_swga_cnv_wgs/output/depth_of_cov/3061STDY5801235.10350983.13156_6#52
/lustre/scratch118/malaria/team112/personal/tn6/pf_swga_cnv_wgs/output/depth_of_cov/3909STDY6204224.15108339.18091_2#4
/lustre/scratch118/malaria/team112/personal/tn6/pf_swga_cnv_wgs/output/depth_of_cov/3909STDY6204219.15108279.18091_1#11
/lustre/scratch118/malaria/team112/personal/tn6/pf_swga_cnv_wgs/output/depth_of_cov/3909STDY6204231.15108328.18091_2#11
/lustre/scratch118/malaria/team112/personal/tn6/pf_swga_cnv_wgs/output/depth_of_cov/3909STDY6204217.15108255.18091_1#9
/lustre/scratch118/malaria/team112/personal/tn6/pf_swga_cnv_wgs/output/depth_of_cov/3909STDY6204252.15108295.18091_4#8
/lustre/scratch118/malaria/team112/personal/tn6/pf_swga_cnv_wgs/output/depth_of_cov/3909STDY6204216.15108338.18091_1#8
/lustre/scratch118/malaria/team112/personal/tn6/pf_swga_cnv_wgs/output/depth_of_cov/3909STDY6204215.15108326.18091_1#7
/lustre/scratch118/malaria/team112/personal/tn6/pf_swga_cnv_wgs/output/depth_of_cov/3909STDY6204220.15108291.18091_1#12
/lustre/scratch118/malaria/team112/personal/tn6/pf_swga_cnv_wgs/output/depth_of_cov/3909STDY6204210.15108266.18091_1#2
/lustre/scratch118/malaria/team112/personal/tn6/pf_swga_cnv_wgs/output/depth_of_cov/3909STDY6204226.15108268.18091_2#6
/lustre/scratch118/malaria/team112/personal/tn6/pf_swga_cnv_wgs/output/depth_of_cov/3061STDY5801270.10350999.13176_1#85
/lustre/scratch118/malaria/team112/personal/tn6/pf_swga_cnv_wgs/output/depth_of_cov/3909STDY6204218.15108267.18091_1#10
/lustre/scratch118/malaria/team112/personal/tn6/pf_swga_cnv_wgs/output/depth_of_cov/3909STDY6204250.15108271.18091_4#6
/lustre/scratch118/malaria/team112/personal/tn6/pf_swga_cnv_wgs/output/depth_of_cov/3061STDY5801197.10351014.13156_4#15
/lustre/scratch118/malaria/team112/personal/tn6/pf_swga_cnv_wgs/output/depth_of_cov/3061STDY5801286.10367319.13284_8#74
/lustre/scratch118/malaria/team112/personal/tn6/pf_swga_cnv_wgs/output/depth_of_cov/3061STDY5801218.10350981.13156_5#36
/lustre/scratch118/malaria/team112/personal/tn6/pf_swga_cnv_wgs/output/depth_of_cov/3061STDY5801252.10350997.13156_8#69
/lustre/scratch118/malaria/team112/personal/tn6/pf_swga_cnv_wgs/output/depth_of_cov/3061STDY5801200.10350955.13156_4#18
/lustre/scratch118/malaria/team112/personal/tn6/pf_swga_cnv_wgs/output/depth_of_cov/3909STDY6204222.15108315.18091_2#2
/lustre/scratch118/malaria/team112/personal/tn6/pf_swga_cnv_wgs/output/depth_of_cov/3061STDY5801203.10350991.13156_4#21
/lustre/scratch118/malaria/team112/personal/tn6/pf_swga_cnv_wgs/output/depth_of_cov/3909STDY6204230.15108316.18091_2#10
/lustre/scratch118/malaria/team112/personal/tn6/pf_swga_cnv_wgs/output/depth_of_cov/3061STDY5801219.10350993.13156_5#37
/lustre/scratch118/malaria/team112/personal/tn6/pf_swga_cnv_wgs/output/depth_of_cov/3061STDY5801215.10350945.13156_5#33
/lustre/scratch118/malaria/team112/personal/tn6/pf_swga_cnv_wgs/output/depth_of_cov/3909STDY6204214.15108314.18091_1#6
/lustre/scratch118/malaria/team112/personal/tn6/pf_swga_cnv_wgs/output/depth_of_cov/3061STDY5801259.10350974.13156_8#75
/lustre/scratch118/malaria/team112/personal/tn6/pf_swga_cnv_wgs/output/depth_of_cov/3061STDY5801254.10351021.13156_8#71
/lustre/scratch118/malaria/team112/personal/tn6/pf_swga_cnv_wgs/output/depth_of_cov/3061STDY5801214.10351028.13156_5#32
/lustre/scratch118/malaria/team112/personal/tn6/pf_swga_cnv_wgs/output/depth_of_cov/3909STDY6204248.15108342.18091_4#4
/lustre/scratch118/malaria/team112/personal/tn6/pf_swga_cnv_wgs/output/depth_of_cov/3061STDY5801233.10350959.13156_6#50
/lustre/scratch118/malaria/team112/personal/tn6/pf_swga_cnv_wgs/output/depth_of_cov/3061STDY5801276.10367390.13284_8#72
/lustre/scratch118/malaria/team112/personal/tn6/pf_swga_cnv_wgs/output/depth_of_cov/3061STDY5801201.10350967.13156_4#19
/lustre/scratch118/malaria/team112/personal/tn6/pf_swga_cnv_wgs/output/depth_of_cov/3909STDY6204209.15108254.18091_1#1
/lustre/scratch118/malaria/team112/personal/tn6/pf_swga_cnv_wgs/output/depth_of_cov/3061STDY5801226.10350982.13156_6#44
/lustre/scratch118/malaria/team112/personal/tn6/pf_swga_cnv_wgs/output/depth_of_cov/3909STDY6204234.15108269.18091_3#2
/lustre/scratch118/malaria/team112/personal/tn6/pf_swga_cnv_wgs/output/depth_of_cov/3061STDY5801190.10351025.13156_3#8
/lustre/scratch118/malaria/team112/personal/tn6/pf_swga_cnv_wgs/output/depth_of_cov/3061STDY5801294.10367331.13284_8#75
/lustre/scratch118/malaria/team112/personal/tn6/pf_swga_cnv_wgs/output/depth_of_cov/3061STDY5801251.10350985.13156_8#68
/lustre/scratch118/malaria/team112/personal/tn6/pf_swga_cnv_wgs/output/depth_of_cov/3061STDY5801186.10350989.13156_3#5
/lustre/scratch118/malaria/team112/personal/tn6/pf_swga_cnv_wgs/output/depth_of_cov/3909STDY6204211.15108278.18091_1#3
/lustre/scratch118/malaria/team112/personal/tn6/pf_swga_cnv_wgs/output/depth_of_cov/3909STDY6204239.15108329.18091_3#7
/lustre/scratch118/malaria/team112/personal/tn6/pf_swga_cnv_wgs/output/depth_of_cov/3909STDY6204249.15108259.18091_4#5
/lustre/scratch118/malaria/team112/personal/tn6/pf_swga_cnv_wgs/output/depth_of_cov/PH1008-C.unknown.unknown
This might be due to filesystem latency. If that is the case, consider to increase the wait time with --latency-wait.
Shutting down, this might take some time.
Exiting because a job execution failed. Look above for error message
Complete log: /nfs/users/nfs_t/tn6/gitrepo/pf_swga_cnv/src/shell/.snakemake/log/2018-06-26T164008.171967.snakemake.log
