Building DAG of jobs...
Using shell: /usr/local/bin/bash
Provided cluster nodes: 1
Job counts:
	count	jobs
	1	all
	1	call_cnv
	1	filter_orig_rd
	1	mean_rd
	1	norm_by_pc
	1	output_cnv_csv
	1	zscore
	7

rule norm_by_pc:
    input: /lustre/scratch118/malaria/team112/personal/tn6/pf_swga_cnv_wgs/output/xhmm/xhmm_test.filtered_centered.RD.txt, /lustre/scratch118/malaria/team112/personal/tn6/pf_swga_cnv_wgs/output/xhmm/xhmm_test.RD_PCA.PC_LOADINGS.txt
    output: /lustre/scratch118/malaria/team112/personal/tn6/pf_swga_cnv_wgs/output/xhmm/xhmm_test.PCA_normalized.txt
    jobid: 7

Submitted job 7 with external jobid 'Job <3024435> is submitted to queue <normal>.'.
Finished job 7.
1 of 7 steps (14%) done

rule zscore:
    input: /lustre/scratch118/malaria/team112/personal/tn6/pf_swga_cnv_wgs/output/xhmm/xhmm_test.PCA_normalized.txt
    output: /lustre/scratch118/malaria/team112/personal/tn6/pf_swga_cnv_wgs/output/xhmm/xhmm_test.PCA_normalized.filtered.sample_zscores.RD.txt, /lustre/scratch118/malaria/team112/personal/tn6/pf_swga_cnv_wgs/output/xhmm/xhmm_test.PCA_normalized.filtered.sample_zscores.RD.txt.filtered_samples.txt, /lustre/scratch118/malaria/team112/personal/tn6/pf_swga_cnv_wgs/output/xhmm/xhmm_test.PCA_normalized.filtered.sample_zscores.RD.txt.filtered_targets.txt
    jobid: 5

Submitted job 5 with external jobid 'Job <3024443> is submitted to queue <normal>.'.
Finished job 5.
2 of 7 steps (29%) done

rule filter_orig_rd:
    input: /lustre/scratch118/malaria/team112/personal/tn6/pf_swga_cnv_wgs/output/xhmm/xhmm_test.RD.txt, /lustre/scratch118/malaria/team112/personal/tn6/pf_swga_cnv_wgs/output/xhmm/xhmm_test.PCA_normalized.filtered.sample_zscores.RD.txt.filtered_targets.txt, /lustre/scratch118/malaria/team112/personal/tn6/pf_swga_cnv_wgs/output/xhmm/xhmm_test.PCA_normalized.filtered.sample_zscores.RD.txt.filtered_samples.txt
    output: /lustre/scratch118/malaria/team112/personal/tn6/pf_swga_cnv_wgs/output/xhmm/xhmm_test.same_filtered.RD.txt
    jobid: 6

Submitted job 6 with external jobid 'Job <3024451> is submitted to queue <normal>.'.
Finished job 6.
3 of 7 steps (43%) done

rule call_cnv:
    input: /lustre/scratch118/malaria/team112/personal/tn6/pf_swga_cnv_wgs/output/xhmm/xhmm_test.PCA_normalized.filtered.sample_zscores.RD.txt, /lustre/scratch118/malaria/team112/personal/tn6/pf_swga_cnv_wgs/output/xhmm/xhmm_test.same_filtered.RD.txt
    output: /lustre/scratch118/malaria/team112/personal/tn6/pf_swga_cnv_wgs/output/xhmm/xhmm_test.xcnv
    jobid: 4

Submitted job 4 with external jobid 'Job <3024456> is submitted to queue <normal>.'.
    Error in rule call_cnv:
        jobid: 4
        output: /lustre/scratch118/malaria/team112/personal/tn6/pf_swga_cnv_wgs/output/xhmm/xhmm_test.xcnv

Shutting down, this might take some time.
Exiting because a job execution failed. Look above for error message
Complete log: /nfs/users/nfs_t/tn6/gitrepo/pf_swga_cnv/src/shell/.snakemake/log/2018-06-27T065803.689351.snakemake.log
